<?xml version="1.0" encoding="UTF-8"?>
<!-- Generated by org.testng.reporters.JUnitXMLReporter -->
<testsuite ignored="1" hostname="DESKTOP-CEVN84Q" failures="0" tests="1" name="Test-chrome" time="31.471" errors="0" timestamp="2022-09-02T16:05:09 IST">
  <testcase classname="com.crm.VTiger.TestCases.OportunityTest" name="view" time="19.425"/>
  <testcase classname="com.crm.VTiger.TestCases.OportunityTest" name="view1" time="0.0">
    <ignored/>
  </testcase> <!-- view1 -->
</testsuite> <!-- Test-chrome -->
