<?xml version="1.0" encoding="UTF-8"?>
<!-- Generated by org.testng.reporters.JUnitXMLReporter -->
<testsuite ignored="1" hostname="DESKTOP-CEVN84Q" failures="0" tests="1" name="Test-runner2" time="26.059" errors="0" timestamp="2022-09-02T15:19:56 IST">
  <testcase classname="com.crm.VTiger.TestCases.OportunityTest" name="view1" time="14.979"/>
  <testcase classname="com.crm.VTiger.TestCases.OportunityTest" name="view" time="0.0">
    <ignored/>
  </testcase> <!-- view -->
</testsuite> <!-- Test-runner2 -->
