<?xml version="1.0" encoding="UTF-8"?>
<!-- Generated by org.testng.reporters.JUnitReportReporter -->
<testsuite hostname="DESKTOP-CEVN84Q" failures="0" tests="1" name="JDBC.updating_data_from_baseTest" time="0.355" errors="0" timestamp="16 Aug 2022 11:49:23 GMT" skipped="0">
  <testcase classname="JDBC.updating_data_from_baseTest" name="updating_data_from_base" time="0.355"/>
</testsuite> <!-- JDBC.updating_data_from_baseTest -->
