<?xml version="1.0" encoding="UTF-8"?>
<!-- Generated by org.testng.reporters.JUnitReportReporter -->
<testsuite hostname="DESKTOP-CEVN84Q" failures="0" tests="1" name="DDTPractice.ReadingDataFromExcelSheet" time="0.764" errors="0" timestamp="05 Aug 2022 10:12:39 GMT" skipped="0">
  <testcase classname="DDTPractice.ReadingDataFromExcelSheet" name="readDataFromEcel" time="0.764"/>
</testsuite> <!-- DDTPractice.ReadingDataFromExcelSheet -->
