<?xml version="1.0" encoding="UTF-8"?>
<!-- Generated by org.testng.reporters.JUnitReportReporter -->
<testsuite hostname="DESKTOP-CEVN84Q" failures="0" tests="1" name="extent_reports" time="4.195" errors="0" timestamp="2022-09-06T16:32:56 IST" skipped="0">
  <testcase classname="extent_reports" name="generateReports" time="4.195"/>
  <system-out/>
</testsuite> <!-- extent_reports -->
