<?xml version="1.0" encoding="UTF-8"?>
<!-- Generated by org.testng.reporters.JUnitReportReporter -->
<testsuite hostname="DESKTOP-CEVN84Q" failures="0" tests="1" name="Iphone_price_Comparison" time="45.164" errors="0" timestamp="2022-09-09T14:47:50 IST" skipped="0">
  <testcase classname="Iphone_price_Comparison" name="FlipkardIphonePrice" time="45.164"/>
  <system-out/>
</testsuite> <!-- Iphone_price_Comparison -->
