<?xml version="1.0" encoding="UTF-8"?>
<!-- Generated by org.testng.reporters.JUnitReportReporter -->
<testsuite hostname="DESKTOP-CEVN84Q" failures="0" tests="2" name="createMultipleTestMethods" time="0.009" errors="0" timestamp="30 Aug 2022 11:56:26 GMT" skipped="0">
  <testcase classname="createMultipleTestMethods" name="orgTest" time="0.008"/>
  <testcase classname="createMultipleTestMethods" name="orgWithIndustry" time="0.001"/>
</testsuite> <!-- createMultipleTestMethods -->
