<?xml version="1.0" encoding="UTF-8"?>
<!-- Generated by org.testng.reporters.JUnitReportReporter -->
<testsuite hostname="DESKTOP-CEVN84Q" failures="0" tests="1" name="JDBC.ReadDataFromBaseTest" time="0.684" errors="0" timestamp="16 Aug 2022 10:01:41 GMT" skipped="0">
  <testcase classname="JDBC.ReadDataFromBaseTest" name="ReadDataFromdatabase" time="0.684"/>
</testsuite> <!-- JDBC.ReadDataFromBaseTest -->
