<?xml version="1.0" encoding="UTF-8"?>
<!-- Generated by org.testng.reporters.JUnitReportReporter -->
<testsuite hostname="DESKTOP-CEVN84Q" failures="0" tests="1" name="ReadDeptDataFromExcelSheet" time="1.088" errors="0" timestamp="26 Aug 2022 06:44:33 GMT" skipped="0">
  <testcase classname="ReadDeptDataFromExcelSheet" name="readDataFromEcel" time="1.088"/>
</testsuite> <!-- ReadDeptDataFromExcelSheet -->
