<?xml version="1.0" encoding="UTF-8"?>
<!-- Generated by org.testng.reporters.JUnitReportReporter -->
<testsuite hostname="DESKTOP-CEVN84Q" failures="0" tests="1" name="PRACTICE1" time="39.357" errors="0" timestamp="26 Aug 2022 09:01:04 GMT" skipped="0">
  <testcase classname="PRACTICE1" name="lenscart" time="39.357"/>
</testsuite> <!-- PRACTICE1 -->
