<?xml version="1.0" encoding="UTF-8"?>
<!-- Generated by org.testng.reporters.JUnitReportReporter -->
<testsuite hostname="DESKTOP-CEVN84Q" failures="0" tests="1" name="com.crm.VTiger.TestCases.CreateOpportunitywithSalesStageValueProposition" time="23.434" errors="0" timestamp="2022-09-16T13:00:18 IST" skipped="0">
  <testcase classname="com.crm.VTiger.TestCases.CreateOpportunitywithSalesStageValueProposition" name="view" time="23.434"/>
  <system-out/>
</testsuite> <!-- com.crm.VTiger.TestCases.CreateOpportunitywithSalesStageValueProposition -->
