<?xml version="1.0" encoding="UTF-8"?>
<!-- Generated by org.testng.reporters.JUnitReportReporter -->
<testsuite hostname="DESKTOP-CEVN84Q" failures="0" tests="1" name="DDTPractice.ReadingdatafromProertyFile" time="0.012" errors="0" timestamp="15 Aug 2022 06:09:57 GMT" skipped="0">
  <testcase classname="DDTPractice.ReadingdatafromProertyFile" name="readDataFromProperty_test" time="0.012"/>
</testsuite> <!-- DDTPractice.ReadingdatafromProertyFile -->
