<?xml version="1.0" encoding="UTF-8"?>
<!-- Generated by org.testng.reporters.JUnitReportReporter -->
<testsuite hostname="DESKTOP-CEVN84Q" failures="0" tests="1" name="DDTPractice.ReadingDataFromCMD" time="0.009" errors="0" timestamp="05 Aug 2022 11:30:22 GMT" skipped="0">
  <testcase classname="DDTPractice.ReadingDataFromCMD" name="readingdataFromCMDTest" time="0.009"/>
</testsuite> <!-- DDTPractice.ReadingDataFromCMD -->
