<?xml version="1.0" encoding="UTF-8"?>
<!-- Generated by org.testng.reporters.JUnitReportReporter -->
<testsuite hostname="DESKTOP-CEVN84Q" failures="0" tests="1" name="com.crm.VTiger.TestCases.BluestoneTwo" time="44.110" errors="0" timestamp="2022-09-08T15:14:21 IST" skipped="0">
  <testcase classname="com.crm.VTiger.TestCases.BluestoneTwo" name="Blustone_DiamondTwo" time="44.110"/>
  <system-out/>
</testsuite> <!-- com.crm.VTiger.TestCases.BluestoneTwo -->
