<?xml version="1.0" encoding="UTF-8"?>
<!-- Generated by org.testng.reporters.JUnitReportReporter -->
<testsuite hostname="DESKTOP-CEVN84Q" failures="0" tests="1" name="com.crm.VTiger.TestCases.Tc_1" time="24.520" errors="0" timestamp="2022-09-08T10:20:16 IST" skipped="0">
  <testcase classname="com.crm.VTiger.TestCases.Tc_1" name="view" time="24.520"/>
  <system-out/>
</testsuite> <!-- com.crm.VTiger.TestCases.Tc_1 -->
