<?xml version="1.0" encoding="UTF-8"?>
<!-- Generated by org.testng.reporters.JUnitReportReporter -->
<testsuite hostname="DESKTOP-CEVN84Q" failures="0" tests="1" name="com.crm.VTiger.TestCases.Tc_2" time="29.059" errors="0" timestamp="2022-09-16T13:00:18 IST" skipped="0">
  <testcase classname="com.crm.VTiger.TestCases.Tc_2" name="view" time="29.059"/>
  <system-out/>
</testsuite> <!-- com.crm.VTiger.TestCases.Tc_2 -->
