<?xml version="1.0" encoding="UTF-8"?>
<!-- Generated by org.testng.reporters.JUnitReportReporter -->
<testsuite hostname="DESKTOP-CEVN84Q" failures="0" tests="1" name="DDTPractice.ReadingDataFromJsonFile" time="0.077" errors="0" timestamp="15 Aug 2022 06:32:26 GMT" skipped="0">
  <testcase classname="DDTPractice.ReadingDataFromJsonFile" name="readingDataFromJsonone" time="0.077"/>
</testsuite> <!-- DDTPractice.ReadingDataFromJsonFile -->
