<?xml version="1.0" encoding="UTF-8"?>
<!-- Generated by org.testng.reporters.JUnitReportReporter -->
<testsuite hostname="DESKTOP-CEVN84Q" failures="0" tests="1" name="com.crm.VTiger.TestCases.CreateOpportunitywithSalesStageValueProposition" time="37.555" errors="0" timestamp="2022-09-05T16:32:59 IST" skipped="0">
  <testcase classname="com.crm.VTiger.TestCases.CreateOpportunitywithSalesStageValueProposition" name="view" time="37.555"/>
  <system-out/>
</testsuite> <!-- com.crm.VTiger.TestCases.CreateOpportunitywithSalesStageValueProposition -->
