<?xml version="1.0" encoding="UTF-8"?>
<!-- Generated by org.testng.reporters.JUnitReportReporter -->
<testsuite hostname="DESKTOP-CEVN84Q" failures="0" tests="1" name="BluestoneFirst" time="14.542" errors="0" timestamp="2022-09-09T12:44:36 IST" skipped="0">
  <testcase classname="BluestoneFirst" name="Blustone_Diamond" time="14.542"/>
  <system-out/>
</testsuite> <!-- BluestoneFirst -->
