<?xml version="1.0" encoding="UTF-8"?>
<!-- Generated by org.testng.reporters.JUnitReportReporter -->
<testsuite hostname="DESKTOP-CEVN84Q" failures="0" tests="1" name="Lenskart" time="41.044" errors="0" timestamp="26 Aug 2022 09:54:16 GMT" skipped="0">
  <testcase classname="Lenskart" name="lenskart" time="41.044"/>
</testsuite> <!-- Lenskart -->
