<?xml version="1.0" encoding="UTF-8"?>
<!-- Generated by org.testng.reporters.JUnitReportReporter -->
<testsuite hostname="DESKTOP-CEVN84Q" failures="0" tests="7" name="DemoPriorityTest" time="0.013" errors="0" timestamp="30 Aug 2022 10:50:08 GMT" skipped="1">
  <testcase classname="DemoPriorityTest" name="ContactTest" time="0.009"/>
  <testcase classname="DemoPriorityTest" name="orgTest" time="0.001"/>
  <testcase classname="DemoPriorityTest" name="orgTest" time="0.001"/>
  <testcase classname="DemoPriorityTest" name="orgTest" time="0.000"/>
  <testcase classname="DemoPriorityTest" name="orgTest" time="0.001"/>
  <testcase classname="DemoPriorityTest" name="orgTest" time="0.001"/>
  <testcase classname="DemoPriorityTest" name="industryTest">
    <skipped/>
  </testcase> <!-- industryTest -->
</testsuite> <!-- DemoPriorityTest -->
