<?xml version="1.0" encoding="UTF-8"?>
<!-- Generated by org.testng.reporters.JUnitReportReporter -->
<testsuite hostname="DESKTOP-CEVN84Q" failures="0" tests="1" name="DDTPractice.Practice_xml" time="0.021" errors="0" timestamp="15 Aug 2022 06:19:45 GMT" skipped="0">
  <testcase classname="DDTPractice.Practice_xml" name="readDataFromXml" time="0.021"/>
</testsuite> <!-- DDTPractice.Practice_xml -->
