<?xml version="1.0" encoding="UTF-8"?>
<!-- Generated by org.testng.reporters.JUnitReportReporter -->
<testsuite hostname="DESKTOP-CEVN84Q" failures="0" tests="3" name="DataProviderTest" time="0.019" errors="0" timestamp="30 Aug 2022 11:32:18 GMT" skipped="0">
  <testcase classname="DataProviderTest" name="gettingMultipleData" time="0.015"/>
  <testcase classname="DataProviderTest" name="gettingMultipleData" time="0.002"/>
  <testcase classname="DataProviderTest" name="gettingMultipleData" time="0.002"/>
</testsuite> <!-- DataProviderTest -->
