<?xml version="1.0" encoding="UTF-8"?>
<!-- Generated by org.testng.reporters.JUnitReportReporter -->
<testsuite hostname="DESKTOP-CEVN84Q" failures="0" tests="1" name="com.crm.VTiger.TestCases.TC_3" time="22.060" errors="0" timestamp="2022-09-16T10:17:39 IST" skipped="0">
  <testcase classname="com.crm.VTiger.TestCases.TC_3" name="view" time="22.060"/>
  <system-out/>
</testsuite> <!-- com.crm.VTiger.TestCases.TC_3 -->
