<?xml version="1.0" encoding="UTF-8"?>
<!-- Generated by org.testng.reporters.JUnitReportReporter -->
<testsuite hostname="DESKTOP-CEVN84Q" failures="0" tests="1" name="DDTPractice.practice_property_file" time="0.024" errors="0" timestamp="15 Aug 2022 05:57:53 GMT" skipped="0">
  <testcase classname="DDTPractice.practice_property_file" name="read_practice_property_test" time="0.024"/>
</testsuite> <!-- DDTPractice.practice_property_file -->
