<?xml version="1.0" encoding="UTF-8"?>
<!-- Generated by org.testng.reporters.JUnitReportReporter -->
<testsuite hostname="DESKTOP-CEVN84Q" failures="0" tests="1" name="DDTPractice.ReadingDataFromXMLFile" time="0.017" errors="0" timestamp="15 Aug 2022 06:20:14 GMT" skipped="0">
  <testcase classname="DDTPractice.ReadingDataFromXMLFile" name="readDataFromXMLFile" time="0.017"/>
</testsuite> <!-- DDTPractice.ReadingDataFromXMLFile -->
