<?xml version="1.0" encoding="UTF-8"?>
<!-- Generated by org.testng.reporters.JUnitReportReporter -->
<testsuite hostname="DESKTOP-CEVN84Q" failures="0" tests="3" name="DemoTest" time="0.014" errors="0" timestamp="30 Aug 2022 10:27:52 GMT" skipped="0">
  <testcase classname="DemoTest" name="industryTest" time="0.012"/>
  <testcase classname="DemoTest" name="orgTest" time="0.001"/>
  <testcase classname="DemoTest" name="ContactTest" time="0.001"/>
</testsuite> <!-- DemoTest -->
